<?xml version="1.0" encoding="UTF-8"?>
<testng-results skipped="0" failed="0" total="0" passed="0">
  <reporter-output>
  </reporter-output>
  <suite name="com.mycompany.app.AppTest" duration-ms="4" started-at="2015-04-12T23:59:25Z" finished-at="2015-04-12T23:59:25Z">
    <groups>
    </groups>
    <test name="Command line test" duration-ms="4" started-at="2015-04-12T23:59:25Z" finished-at="2015-04-12T23:59:25Z">
    </test> <!-- Command line test -->
  </suite> <!-- com.mycompany.app.AppTest -->
</testng-results>
